### ISSUE TITLE
Bug in load/store-on-condition facility instructions

### ISSUE THREAD

**Issue by Fish-Git** [hercules-390/hyperion#22]
We think we've found a bug in the LOC/SOC instructions.

Here's a trace of a piece of code that was failing:

Breakpoint 1, 0x0000000080037de0 in ?? ()
(gdb) x/10i $pc
=> 0x80037de0: ltgr %r1,%r2 <---- %r2 contains the result of a call to some function
   0x80037de4: larl %r2,0x8009f728
   0x80037dea: locgre %r1,%r12
   0x80037dee: llgc %r1,0(%r1)
   0x80037df4: aghi %r1,-1
   0x80037df8: srlg %r1,%r1,63
   0x80037dfe: strl %r1,0x800c8c70
   0x80037e04: brasl %r14,0x80010d70
   0x80037e0a: ltgr %r1,%r2
   0x80037e0e: larl %r2,0x8009f734
(gdb) p $r2
$9 = 0 <- Result of call from function is 0
(gdb) p $r1
$10 = 4393751566404 <- %r1 currently has this value which the ltgr is about to overwrite
(gdb) stepi
0x0000000080037de4 in ?? ()
(gdb) p $r1
$11 = 0 <- As expected the value from %r2 gets loaded in %r1 and is zero
(gdb) stepi
0x0000000080037dea in ?? ()
(gdb) p $r2
$12 = 2148136744 <- After the larl %r2 now contains the address 0x8009f728
(gdb) stepi
0x0000000080037dee in ?? ()
(gdb) p $r12
$13 = 2148231802 <- Meanwhile %r12 contains this non-zero value
(gdb) p $r1
$14 = 0 <- However, after the execution of the locgre %r1 does not contain the contents of %r12
(gdb) x/i $pc
=> 0x80037dee: llgc %r1,0(%r1)
(gdb) x/x $r12
0x800b6a7a: 0x00000000
(gdb) stepi

Program received signal SIGSEGV, Segmentation fault.
0x0000000080037dee in ?? ()
(gdb) 

Rerunning the command again, this time just looking at the condition code, shows that the condition code is always zero such that the locgre should have been triggered to transfer the contents of %r12:

0x0000000080037de4 in ?? ()
(gdb) print $cc
$15 = 0
(gdb) stepi
0x0000000080037dea in ?? ()
(gdb) print $cc
$16 = 0
(gdb) stepi
0x0000000080037dee in ?? ()
(gdb) print $cc
$17 = 0
(gdb) stepi

Program received signal SIGSEGV, Segmentation fault.
0x0000000080037dee in ?? ()
(gdb) 

We believe the fault is in the handling of the mask field of instructions such as LOCGRE. We applied this fix and have solved the original problem that I had reported:

--- orig/spinhawk/general3.c 2014-07-26 01:17:57.488131700 -0400
+++ spinhawk/general3.c 2014-07-26 00:34:45.560364641 -0400
@@ -2917,7 +2917,7 @@
     RRF_M(inst, regs, r1, r2, m3);

```
 /* Test M3 mask bit corresponding to condition code */
```
-    if (m3 & (0x80 >> regs->psw.cc))
-    if (m3 & (0x8 >> regs->psw.cc))
   {
       /\* Copy R2 register bits 32-63 to R1 register */
       regs->GR_L(r1) = regs->GR_L(r2);
  @@ -2938,7 +2938,7 @@
   RRF_M(inst, regs, r1, r2, m3);
  
   /\* Test M3 mask bit corresponding to condition code */
-    if (m3 & (0x80 >> regs->psw.cc))
-    if (m3 & (0x8 >> regs->psw.cc))
   {
       /\* Copy R2 register bits 0-63 to R1 register */
       regs->GR_G(r1) = regs->GR_G(r2);
  @@ -2961,7 +2961,7 @@
   RSY(inst, regs, r1, m3, b2, effective_addr2);
  
   /\* Test M3 mask bit corresponding to condition code */
-    if (m3 & (0x80 >> regs->psw.cc))
-    if (m3 & (0x8 >> regs->psw.cc))
   {
       /\* Load R1 register bits 32-63 from second operand */
       regs->GR_L(r1) = ARCH_DEP(vfetch4) ( effective_addr2, b2, regs );
  @@ -2984,7 +2984,7 @@
   RSY(inst, regs, r1, m3, b2, effective_addr2);
  
   /\* Test M3 mask bit corresponding to condition code */
-    if (m3 & (0x80 >> regs->psw.cc))
-    if (m3 & (0x8 >> regs->psw.cc))
   {
       /\* Load R1 register bits 0-63 from second operand */
       regs->GR_G(r1) = ARCH_DEP(vfetch8) ( effective_addr2, b2, regs );
  @@ -3007,7 +3007,7 @@
   RSY(inst, regs, r1, m3, b2, effective_addr2);
  
   /\* Test M3 mask bit corresponding to condition code */
-    if (m3 & (0x80 >> regs->psw.cc))
-    if (m3 & (0x8 >> regs->psw.cc))
   {
       /\* Store R1 register bits 32-63 at operand address */
       ARCH_DEP(vstore4) ( regs->GR_L(r1), effective_addr2, b2, regs );
  @@ -3030,7 +3030,7 @@
   RSY(inst, regs, r1, m3, b2, effective_addr2);
  
   /\* Test M3 mask bit corresponding to condition code */
-    if (m3 & (0x80 >> regs->psw.cc))
-    if (m3 & (0x8 >> regs->psw.cc))
   {
       /\* Store R1 register bits 0-63 at operand address */
       ARCH_DEP(vstore8) ( regs->GR_G(r1), effective_addr2, b2, regs );
